make all --print-data-base --no-builtin-variables --no-builtin-rules --question
# GNU Make 3.81
# Copyright (C) 2006  Free Software Foundation, Inc.
# This is free software; see the source for copying conditions.
# There is NO warranty; not even for MERCHANTABILITY or FITNESS FOR A
# PARTICULAR PURPOSE.

# This program built for i386-apple-darwin11.3.0
 

# Make data base, printed on Tue Jun  7 08:42:03 2022

# Variables

# automatic
<D = $(patsubst %/,%,$(dir $<))
# automatic
?F = $(notdir $?)
# environment
ELECTRON_NO_ATTACH_CONSOLE = 1
# environment
LC_CTYPE = UTF-8
# environment
 
VSCODE_LOG_NATIVE = false
# environment
NVM_INC = /Users/nicaciooliveira/.nvm/versions/node/v18.1.0/include/node
# automatic
?D = $(patsubst %/,%,$(dir $?))
# automatic
@D = $(patsubst %/,%,$(dir $@))
# automatic
@F = $(notdir $@)
# makefile
CURDIR := /Users/nicaciooliveira/vtex/webops/repos/prom-aggregation-gateway-fork
# makefile
SHELL = /bin/sh
# makefile (from `Makefile', line 44)
RM := --rm
# environment
VSCODE_NLS_CONFIG = {"locale":"en-us","availableLanguages":{},"_languagePackSupport":true}
# environment
_ = /usr/bin/make
# makefile (from `Makefile', line 6)
IMAGE_PREFIX := docker.io/weaveworks
# makefile (from `Makefile', line 1)
MAKEFILE_LIST :=  Makefile
# environment
VSCODE_AMD_ENTRYPOINT = vs/workbench/api/node/extensionHostProcess
# environment
VSCODE_VERBOSE_LOGGING = true
# environment
__CFBundleIdentifier = com.microsoft.VSCode
# environment
VSCODE_IPC_HOOK_EXTHOST = /var/folders/fl/hn5y1szs0qxd42v4n7y7vhgw0000gn/T/vscode-ipc-991606f1-b1e6-43e6-95c6-15d7d506a8cb.sock
# environment
VSCODE_CWD = /Users/nicaciooliveira/vtex/webops/repos/prom-aggregation-gateway-fork
# environment
GOPROXY = https://proxy.golang.org,direct
# environment
PATH = ./istio-1.13.4/bin:/Users/nicaciooliveira/.nvm/versions/node/v18.1.0/bin:/Users/nicaciooliveira/.zinit/polaris/bin:/Library/Frameworks/Python.framework/Versions/3.10/bin:/opt/local/bin:/opt/local/sbin:/usr/local/bin:/usr/bin:/bin:/usr/sbin:/sbin:/Applications/VMware Fusion.app/Contents/Public:/usr/local/go/bin:/usr/local/share/dotnet:~/.dotnet/tools:/Library/Apple/usr/bin:/Library/Frameworks/Mono.framework/Versions/Current/Commands:/Applications/Wireshark.app/Contents/MacOS:/Users/nicaciooliveira/.cargo/bin:/Users/nicaciooliveira/.fig/bin:/Users/nicaciooliveira/.local/bin:/Users/nicaciooliveira/.dotnet/tools:/Users/nicaciooliveira/flutter/bin:/flutter/bin
# environment
LSCOLORS = Gxfxcxdxbxegedabagacad
# makefile (from `Makefile', line 21)
UPTODATE_FILES = $(patsubst %/Dockerfile,%/$(UPTODATE),$(DOCKERFILES))
# environment
GOPATH = /Users/nicaciooliveira/go
# environment
NVM_BIN = /Users/nicaciooliveira/.nvm/versions/node/v18.1.0/bin
# makefile (from `Makefile', line 7)
IMAGE_TAG := master-c4415bbe
# environment
VSCODE_LOG_STACK = false
# environment
ELECTRON_RUN_AS_NODE = 1
# makefile (from `Makefile', line 20)
DOCKERFILES = $(shell find * -type f -name Dockerfile ! -path "tools/*" ! -path "vendor/*")
# default
.FEATURES := target-specific order-only second-expansion else-if archives jobserver check-symlink
# makefile (from `Makefile', line 46)
NETGO_CHECK = @strings $@ | grep cgo_stub\\\.go >/dev/null || { rm $@; echo "\nYour go standard library was built without the 'netgo' build tag."; echo "To fix that, run"; echo "    sudo go clean -i net"; echo "    sudo go install -tags netgo std"; false; }
# environment
SSH_AUTH_SOCK = /private/tmp/com.apple.launchd.Km2ryBTq5Z/Listeners
# automatic
%F = $(notdir $%)
# environment
DISPLAY = :0
# environment
TTY = /dev/ttys004
# makefile (from `Makefile', line 8)
UPTODATE := .uptodate
# environment
VSCODE_PIPE_LOGGING = true
# environment
FIG_PID = 45944
# environment
PWD = /Users/nicaciooliveira/vtex/webops/repos/prom-aggregation-gateway-fork
# makefile (from `Makefile', line 22)
DOCKER_IMAGE_DIRS = $(patsubst %/Dockerfile,%,$(DOCKERFILES))
# environment
ORIGINAL_XDG_CURRENT_DESKTOP = undefined
# environment
GOMODCACHE = /Users/nicaciooliveira/go/pkg/mod
# environment
HOME = /Users/nicaciooliveira
# makefile (from `Makefile', line 29)
PROM_AGG_GATEWAY_EXE := cmd/prom-aggregation-gateway/prom-aggregation-gateway
# default
MAKEFILEPATH := /Applications/Xcode.app/Contents/Developer/Makefiles
# environment
VSCODE_CLI = 1
# environment
VSCODE_CODE_CACHE_PATH = /Users/nicaciooliveira/Library/Application Support/Code/CachedData/c3511e6c69bb39013c4a4b7b9566ec1ca73fc4d5
# environment
LOGNAME = nicaciooliveira
# environment
APPLICATION_INSIGHTS_NO_DIAGNOSTIC_CHANNEL = 1
# environment
NVM_CD_FLAGS = -q
# environment
ZSH = /Users/nicaciooliveira/.oh-my-zsh
# environment
VSCODE_HANDLES_UNCAUGHT_ERRORS = true
# automatic
^D = $(patsubst %/,%,$(dir $^))
# environment
XPC_FLAGS = 0x0
# default
MAKE = $(MAKE_COMMAND)
# default
MAKECMDGOALS := all
# environment
SHLVL = 3
# environment
FIG_TERM = 1
# default
MAKE_VERSION := 3.81
# environment
USER = nicaciooliveira
# environment
FIG_TERM_VERSION = 4.4.0
# makefile (from `Makefile', line 30)
EXES = $(PROM_AGG_GATEWAY_EXE)
# environment
TERM_SESSION_ID = DF5865F3-F3AD-4CED-90CD-5345D80A85C5
# environment
LESS = -R
# automatic
%D = $(patsubst %/,%,$(dir $%))
# environment
FIG_INTEGRATION_VERSION = 8
# makefile (from `Makefile', line 43)
BUILD_IN_CONTAINER := true
# default
MAKE_COMMAND := /Applications/Xcode.app/Contents/Developer/usr/bin/make
# makefile (from `Makefile', line 23)
IMAGE_NAMES = $(foreach dir,$(DOCKER_IMAGE_DIRS),$(patsubst %,$(IMAGE_PREFIX)/%,$(shell basename $(dir))))
# environment
ZPFX = /Users/nicaciooliveira/.zinit/polaris
# environment
ZSH_CACHE_DIR = /Users/nicaciooliveira/.oh-my-zsh/cache
# environment
TERM_PROGRAM = Apple_Terminal
# default
.VARIABLES := 
# environment
TMPDIR = /var/folders/fl/hn5y1szs0qxd42v4n7y7vhgw0000gn/T/
# automatic
*F = $(notdir $*)
# environment
VSCODE_IPC_HOOK = /Users/nicaciooliveira/Library/Application Support/Code/1.67.2-main.sock
# makefile
MAKEFLAGS = Rrqp
# environment
MFLAGS = -Rrqp
# automatic
*D = $(patsubst %/,%,$(dir $*))
# environment
TERM_PROGRAM_VERSION = 445
# environment
NVM_DIR = /Users/nicaciooliveira/.nvm
# environment
XPC_SERVICE_NAME = application.com.microsoft.VSCode.74775172.74775178.C947C09B-7D3E-4E2E-B292-AEB3BE3E940C
# automatic
+D = $(patsubst %/,%,$(dir $+))
# automatic
+F = $(notdir $+)
# environment
PMSPEC = 0uUpiPsf
# environment
__CF_USER_TEXT_ENCODING = 0x1F5:0x0:0x0
# environment
COMMAND_MODE = unix2003
# default
MAKEFILES := 
# automatic
<F = $(notdir $<)
# makefile (from `Makefile', line 45)
GO_FLAGS := -ldflags "-extldflags \"-static\"" -tags netgo -i
# environment
PAGER = less
# environment
LC_ALL = C
# environment
NVM_NODEJS_ORG_MIRROR = http://nodejs.org/dist/
# automatic
^F = $(notdir $^)
# default
SUFFIXES := 
# default
.INCLUDE_DIRS = /usr/local/include
# environment
MAKELEVEL := 0
# makefile (from `Makefile', line 2)
.DEFAULT_GOAL := all
# environment
LANG = C
# environment
TERM = xterm-256color
# environment
VSCODE_PID = 76526
# makefile (from `Makefile', line 42)
SUDO := 
# variable set hash-table stats:
# Load=104/1024=10%, Rehash=0, Collisions=5/166=3%

# Pattern-specific Variable Values

# No pattern-specific variable values.

# Directories

# . (device 16777225, inode 77953333): 13 files, no impossibilities.
# aggate-build (device 16777225, inode 77953411): 4 files, no impossibilities.

# 17 files, no impossibilities in 2 directories.

# Implicit Rules

%/.uptodate: %/Dockerfile
#  commands to execute (from `Makefile', line 15):
	$(SUDO) docker build -t $(IMAGE_PREFIX)/$(shell basename $(@D)) $(@D)/
	$(SUDO) docker tag $(IMAGE_PREFIX)/$(shell basename $(@D)) $(IMAGE_PREFIX)/$(shell basename $(@D)):$(IMAGE_TAG)
	touch $@
	

# 1 implicit rules, 0 (0.0%) terminal.

# Files

all: aggate-build/.uptodate cmd/prom-aggregation-gateway/.uptodate
#  Phony target (prerequisite of .PHONY).
#  Command-line target.
#  Implicit rule search has not been done.
#  File does not exist.
#  File has been updated.
#  Needs to be updated (-q is set).
# variable set hash-table stats:
# Load=0/32=0%, Rehash=0, Collisions=0/18=0%

.PHONY: all test clean images
#  Implicit rule search has not been done.
#  Modification time never checked.
#  File has not been updated.

# Not a target:
cmd/prom-aggregation-gateway/main_test.go:
#  Implicit rule search has not been done.
#  Modification time never checked.
#  File has not been updated.

cmd/prom-aggregation-gateway/prom-aggregation-gateway: aggate-build/.uptodate cmd/prom-aggregation-gateway/main.go cmd/prom-aggregation-gateway/main_test.go
#  Implicit rule search has not been done.
#  Modification time never checked.
#  File has not been updated.
#  commands to execute (from `Makefile', line 58):
	@mkdir -p $(shell pwd)/.pkg
	$(SUDO) docker run $(RM) -ti \
	-v $(shell pwd)/.pkg:/go/pkg \
 
	-v $(shell pwd):/go/src/github.com/weaveworks/prom-aggregation-gateway \
	-e CIRCLECI -e CIRCLE_BUILD_NUM -e CIRCLE_NODE_TOTAL -e CIRCLE_NODE_INDEX -e COVERDIR \
	$(IMAGE_PREFIX)/aggate-build $@
	

aggate-build/.uptodate: aggate-build/Dockerfile aggate-build/build.sh
#  Implicit rule search has been done.
#  Implicit/static pattern stem: `aggate-build'
#  File does not exist.
#  File has been updated.
#  Needs to be updated (-q is set).
# automatic
# @ := aggate-build/.uptodate
# automatic
# % := 
# automatic
# * := aggate-build
# automatic
# + := aggate-build/Dockerfile aggate-build/Dockerfile aggate-build/build.sh
# automatic
# | := 
# automatic
# < := aggate-build/Dockerfile
# automatic
# ^ := aggate-build/Dockerfile aggate-build/build.sh
# automatic
# ? := aggate-build/Dockerfile aggate-build/build.sh
# variable set hash-table stats:
# Load=8/32=25%, Rehash=0, Collisions=6/31=19%
#  commands to execute (from `Makefile', line 15):
	$(SUDO) docker build -t $(IMAGE_PREFIX)/$(shell basename $(@D)) $(@D)/
	$(SUDO) docker tag $(IMAGE_PREFIX)/$(shell basename $(@D)) $(IMAGE_PREFIX)/$(shell basename $(@D)):$(IMAGE_TAG)
	touch $@
	

# Not a target:
.SUFFIXES:
#  Implicit rule search has not been done.
#  Modification time never checked.
#  File has not been updated.

# Not a target:
Makefile:
#  Implicit rule search has been done.
#  Last modified 2022-06-07 08:41:04
#  File has been updated.
#  Successfully updated.
# variable set hash-table stats:
# Load=0/32=0%, Rehash=0, Collisions=0/0=0%

test: aggate-build/.uptodate
#  Phony target (prerequisite of .PHONY).
#  Implicit rule search has not been done.
#  File does not exist.
#  File has not been updated.
#  commands to execute (from `Makefile', line 58):
	@mkdir -p $(shell pwd)/.pkg
	$(SUDO) docker run $(RM) -ti \
	-v $(shell pwd)/.pkg:/go/pkg \
	-v $(shell pwd):/go/src/github.com/weaveworks/prom-aggregation-gateway \
	-e CIRCLECI -e CIRCLE_BUILD_NUM -e CIRCLE_NODE_TOTAL -e CIRCLE_NODE_INDEX -e COVERDIR \
	$(IMAGE_PREFIX)/aggate-build $@
	

cmd/prom-aggregation-gateway/.uptodate: cmd/prom-aggregation-gateway/prom-aggregation-gateway
#  Implicit rule search has not been done.
#  Modification time never checked.
#  File has not been updated.

# Not a target:
aggate-build/build.sh:
#  Implicit rule search has been done.
#  Last modified 2022-06-07 08:41:04
#  File has been updated.
#  Successfully updated.
# variable set hash-table stats:
# Load=0/32=0%, Rehash=0, Collisions=0/0=0%

images:
#  Phony target (prerequisite of .PHONY).
#  Implicit rule search has not been done.
#  File does not exist.
#  File has not been updated.
#  commands to execute (from `Makefile', line 26):
	$(info $(IMAGE_NAMES))
	

# Not a target:
cmd/prom-aggregation-gateway/main.go:
#  Implicit rule search has not been done.
#  Modification time never checked.
#  File has not been updated.

# Not a target:
.DEFAULT:
#  Implicit rule search has not been done.
#  Modification time never checked.
#  File has not been updated.

clean:
#  Phony target (prerequisite of .PHONY).
#  Implicit rule search has not been done.
#  File does not exist.
#  File has not been updated.
#  commands to execute (from `Makefile', line 80):
	$(SUDO) docker rmi $(IMAGE_NAMES) >/dev/null 2>&1 || true
	rm -rf $(UPTODATE_FILES) $(EXES)
	go clean ./...
	

# Not a target:
aggate-build/Dockerfile:
#  Implicit rule search has been done.
#  Last modified 2022-06-07 08:41:04
#  File has been updated.
#  Successfully updated.
# variable set hash-table stats:
# Load=0/32=0%, Rehash=0, Collisions=0/0=0%

lint: aggate-build/.uptodate
#  Implicit rule search has not been done.
#  Modification time never checked.
#  File has not been updated.
#  commands to execute (from `Makefile', line 58):
	@mkdir -p $(shell pwd)/.pkg
	$(SUDO) docker run $(RM) -ti \
	-v $(shell pwd)/.pkg:/go/pkg \
	-v $(shell pwd):/go/src/github.com/weaveworks/prom-aggregation-gateway \
	-e CIRCLECI -e CIRCLE_BUILD_NUM -e CIRCLE_NODE_TOTAL -e CIRCLE_NODE_INDEX -e COVERDIR \
	$(IMAGE_PREFIX)/aggate-build $@
	

# files hash-table stats:
# Load=16/1024=2%, Rehash=0, Collisions=0/46=0%
# VPATH Search Paths

# No `vpath' search paths.

# No general (`VPATH' variable) search path.

# # of strings in strcache: 1
# # of strcache buffers: 1
# strcache size: total = 4096 / max = 4096 / min = 4096 / avg = 4096
# strcache free: total = 4087 / max = 4087 / min = 4087 / avg = 4087

# Finished Make data base on Tue Jun  7 08:42:03 2022

 
